<?xml version="1.0" encoding="UTF-8"?>
<!-- Generated by org.testng.reporters.JUnitReportReporter -->
<testsuite hostname="Sreejaa" failures="0" tests="3" name="Sample.SkipDemoTest" time="0.029" errors="0" timestamp="2021-03-04T23:02:35 EST" skipped="2">
  <testcase classname="Sample.SkipDemoTest" name="Skiptest1" time="0.021"/>
  <system-out/>
  <testcase classname="Sample.SkipDemoTest" name="Skiptest2" time="0.003">
    <skipped/>
  </testcase> <!-- Skiptest2 -->
  <system-out/>
  <testcase classname="Sample.SkipDemoTest" name="Skiptest3" time="0.005">
    <skipped/>
  </testcase> <!-- Skiptest3 -->
  <system-out/>
</testsuite> <!-- Sample.SkipDemoTest -->
