<?xml version="1.0" encoding="UTF-8"?>
<!-- Generated by org.testng.reporters.JUnitReportReporter -->
<testsuite hostname="Sreejaa" failures="0" tests="1" name="Sample.Trial" time="19.727" errors="0" timestamp="2021-03-04T21:04:40 EST" skipped="0">
  <testcase classname="Sample.Trial" name="Title" time="19.727"/>
  <system-out/>
</testsuite> <!-- Sample.Trial -->
