<?xml version="1.0" encoding="UTF-8"?>
<!-- Generated by org.testng.reporters.JUnitReportReporter -->
<testsuite hostname="Sreejaa" failures="0" tests="3" name="DataDrivenFrameworkTestcases.ValidateLogin" time="23.156" errors="0" timestamp="2021-03-03T22:56:21 EST" skipped="0">
  <testcase classname="DataDrivenFrameworkTestcases.ValidateLogin" name="login" time="7.027"/>
  <system-out/>
  <testcase classname="DataDrivenFrameworkTestcases.ValidateLogin" name="login" time="9.124"/>
  <system-out/>
  <testcase classname="DataDrivenFrameworkTestcases.ValidateLogin" name="login" time="7.005"/>
  <system-out/>
</testsuite> <!-- DataDrivenFrameworkTestcases.ValidateLogin -->
